<?xml version="1.0" encoding="utf-8"?>
<TestRun id="60d111a5-c110-4fec-835a-ce8a5220d599" name="sochandu@SOURAVPC 2019-07-16 15:22:48" runUser="FAREAST\sochandu" xmlns="http://microsoft.com/schemas/VisualStudio/TeamTest/2010">
  <Times creation="2019-07-16T15:22:48.9264247+05:30" queuing="2019-07-16T15:22:48.9264247+05:30" start="2019-07-16T15:22:48.5909010+05:30" finish="2019-07-16T15:22:48.9284248+05:30" />
  <TestSettings name="default" id="331b2f8a-8276-4aa0-afd0-ea066448076d">
    <Deployment runDeploymentRoot="sochandu_SOURAVPC_2019-07-16_15_22_48" />
  </TestSettings>
  <TestLists>
    <TestList name="Results Not in a List" id="8c84fa94-04c1-424b-9868-57a2d4851a1d" />
    <TestList name="All Loaded Results" id="19431567-8539-422a-85d7-44ee4e166bda" />
  </TestLists>
  <ResultSummary outcome="Completed">
    <Counters total="0" executed="0" passed="0" failed="0" error="0" timeout="0" aborted="0" inconclusive="0" passedButRunAborted="0" notRunnable="0" notExecuted="0" disconnected="0" warning="0" completed="0" inProgress="0" pending="0" />
    <RunInfos>
      <RunInfo computerName="SOURAVPC" outcome="Warning" timestamp="2019-07-16T15:22:48.7994513+05:30">
        <Text>[MSTest][Discovery][C:\Users\sochandu\source\repos\sourav\sourav\bin\Debug\sourav.dll] UTA007: Method TestMethod1 defined in class sourav.UnitTest1 does not have correct signature. Test method marked with the [TestMethod] attribute must be non-static, public, return-type as void  and should not take any parameter. Example: public void Test.Class1.Test(). Additionally, if you are using async-await in test method then return-type must be Task. Example: public async Task Test.Class1.Test2()</Text>
      </RunInfo>
      <RunInfo computerName="SOURAVPC" outcome="Warning" timestamp="2019-07-16T15:22:48.9184518+05:30">
        <Text>No test is available in C:\Users\sochandu\source\repos\sourav\sourav\bin\Debug\sourav.dll. Make sure that test discoverer &amp; executors are registered and platform &amp; framework version settings are appropriate and try again.</Text>
      </RunInfo>
    </RunInfos>
  </ResultSummary>
</TestRun>